The system is: Linux - 4.4.0-138-generic - x86_64
Compiling the C compiler identification source file "CMakeCCompilerId.c" succeeded.
Compiler: /usr/bin/gcc 
Build flags: 
Id flags: 

The output was:
0


Compilation of the C compiler identification source "CMakeCCompilerId.c" produced "a.out"

The C compiler identification is GNU, found in "/opt/openrobots/src/tsid-fork/_build-RELEASE/CMakeFiles/3.5.1/CompilerIdC/a.out"

Compiling the CXX compiler identification source file "CMakeCXXCompilerId.cpp" succeeded.
Compiler: /usr/bin/g++ 
Build flags: 
Id flags: 

The output was:
0


Compilation of the CXX compiler identification source "CMakeCXXCompilerId.cpp" produced "a.out"

The CXX compiler identification is GNU, found in "/opt/openrobots/src/tsid-fork/_build-RELEASE/CMakeFiles/3.5.1/CompilerIdCXX/a.out"

Determining if the C compiler works passed with the following output:
Change Dir: /opt/openrobots/src/tsid-fork/_build-RELEASE/CMakeFiles/CMakeTmp

Run Build Command:"/usr/bin/make" "cmTC_9ab1e/fast"
/usr/bin/make -f CMakeFiles/cmTC_9ab1e.dir/build.make CMakeFiles/cmTC_9ab1e.dir/build
make[1]: Entering directory '/opt/openrobots/src/tsid-fork/_build-RELEASE/CMakeFiles/CMakeTmp'
Building C object CMakeFiles/cmTC_9ab1e.dir/testCCompiler.c.o
/usr/bin/gcc     -o CMakeFiles/cmTC_9ab1e.dir/testCCompiler.c.o   -c /opt/openrobots/src/tsid-fork/_build-RELEASE/CMakeFiles/CMakeTmp/testCCompiler.c
Linking C executable cmTC_9ab1e
/usr/bin/cmake -E cmake_link_script CMakeFiles/cmTC_9ab1e.dir/link.txt --verbose=1
/usr/bin/gcc       CMakeFiles/cmTC_9ab1e.dir/testCCompiler.c.o  -o cmTC_9ab1e -rdynamic 
make[1]: Leaving directory '/opt/openrobots/src/tsid-fork/_build-RELEASE/CMakeFiles/CMakeTmp'


Detecting C compiler ABI info compiled with the following output:
Change Dir: /opt/openrobots/src/tsid-fork/_build-RELEASE/CMakeFiles/CMakeTmp

Run Build Command:"/usr/bin/make" "cmTC_1aba1/fast"
/usr/bin/make -f CMakeFiles/cmTC_1aba1.dir/build.make CMakeFiles/cmTC_1aba1.dir/build
make[1]: Entering directory '/opt/openrobots/src/tsid-fork/_build-RELEASE/CMakeFiles/CMakeTmp'
Building C object CMakeFiles/cmTC_1aba1.dir/CMakeCCompilerABI.c.o
/usr/bin/gcc     -o CMakeFiles/cmTC_1aba1.dir/CMakeCCompilerABI.c.o   -c /usr/share/cmake-3.5/Modules/CMakeCCompilerABI.c
Linking C executable cmTC_1aba1
/usr/bin/cmake -E cmake_link_script CMakeFiles/cmTC_1aba1.dir/link.txt --verbose=1
/usr/bin/gcc      -v CMakeFiles/cmTC_1aba1.dir/CMakeCCompilerABI.c.o  -o cmTC_1aba1 -rdynamic  
Using built-in specs.
COLLECT_GCC=/usr/bin/gcc
COLLECT_LTO_WRAPPER=/usr/lib/gcc/x86_64-linux-gnu/5/lto-wrapper
Target: x86_64-linux-gnu
Configured with: ../src/configure -v --with-pkgversion='Ubuntu 5.4.0-6ubuntu1~16.04.10' --with-bugurl=file:///usr/share/doc/gcc-5/README.Bugs --enable-languages=c,ada,c++,java,go,d,fortran,objc,obj-c++ --prefix=/usr --program-suffix=-5 --enable-shared --enable-linker-build-id --libexecdir=/usr/lib --without-included-gettext --enable-threads=posix --libdir=/usr/lib --enable-nls --with-sysroot=/ --enable-clocale=gnu --enable-libstdcxx-debug --enable-libstdcxx-time=yes --with-default-libstdcxx-abi=new --enable-gnu-unique-object --disable-vtable-verify --enable-libmpx --enable-plugin --with-system-zlib --disable-browser-plugin --enable-java-awt=gtk --enable-gtk-cairo --with-java-home=/usr/lib/jvm/java-1.5.0-gcj-5-amd64/jre --enable-java-home --with-jvm-root-dir=/usr/lib/jvm/java-1.5.0-gcj-5-amd64 --with-jvm-jar-dir=/usr/lib/jvm-exports/java-1.5.0-gcj-5-amd64 --with-arch-directory=amd64 --with-ecj-jar=/usr/share/java/eclipse-ecj.jar --enable-objc-gc --enable-multiarch --disable-werror --with-arch-32=i686 --with-abi=m64 --with-multilib-list=m32,m64,mx32 --enable-multilib --with-tune=generic --enable-checking=release --build=x86_64-linux-gnu --host=x86_64-linux-gnu --target=x86_64-linux-gnu
Thread model: posix
gcc version 5.4.0 20160609 (Ubuntu 5.4.0-6ubuntu1~16.04.10) 
COMPILER_PATH=/usr/lib/gcc/x86_64-linux-gnu/5/:/usr/lib/gcc/x86_64-linux-gnu/5/:/usr/lib/gcc/x86_64-linux-gnu/:/usr/lib/gcc/x86_64-linux-gnu/5/:/usr/lib/gcc/x86_64-linux-gnu/
LIBRARY_PATH=/usr/lib/gcc/x86_64-linux-gnu/5/:/usr/lib/gcc/x86_64-linux-gnu/5/../../../x86_64-linux-gnu/:/usr/lib/gcc/x86_64-linux-gnu/5/../../../../lib/:/lib/x86_64-linux-gnu/:/lib/../lib/:/usr/lib/x86_64-linux-gnu/:/usr/lib/../lib/:/usr/lib/gcc/x86_64-linux-gnu/5/../../../:/lib/:/usr/lib/
COLLECT_GCC_OPTIONS='-v' '-o' 'cmTC_1aba1' '-rdynamic' '-mtune=generic' '-march=x86-64'
 /usr/lib/gcc/x86_64-linux-gnu/5/collect2 -plugin /usr/lib/gcc/x86_64-linux-gnu/5/liblto_plugin.so -plugin-opt=/usr/lib/gcc/x86_64-linux-gnu/5/lto-wrapper -plugin-opt=-fresolution=/tmp/cck2fjGl.res -plugin-opt=-pass-through=-lgcc -plugin-opt=-pass-through=-lgcc_s -plugin-opt=-pass-through=-lc -plugin-opt=-pass-through=-lgcc -plugin-opt=-pass-through=-lgcc_s --sysroot=/ --build-id --eh-frame-hdr -m elf_x86_64 --hash-style=gnu --as-needed -export-dynamic -dynamic-linker /lib64/ld-linux-x86-64.so.2 -z relro -o cmTC_1aba1 /usr/lib/gcc/x86_64-linux-gnu/5/../../../x86_64-linux-gnu/crt1.o /usr/lib/gcc/x86_64-linux-gnu/5/../../../x86_64-linux-gnu/crti.o /usr/lib/gcc/x86_64-linux-gnu/5/crtbegin.o -L/usr/lib/gcc/x86_64-linux-gnu/5 -L/usr/lib/gcc/x86_64-linux-gnu/5/../../../x86_64-linux-gnu -L/usr/lib/gcc/x86_64-linux-gnu/5/../../../../lib -L/lib/x86_64-linux-gnu -L/lib/../lib -L/usr/lib/x86_64-linux-gnu -L/usr/lib/../lib -L/usr/lib/gcc/x86_64-linux-gnu/5/../../.. CMakeFiles/cmTC_1aba1.dir/CMakeCCompilerABI.c.o -lgcc --as-needed -lgcc_s --no-as-needed -lc -lgcc --as-needed -lgcc_s --no-as-needed /usr/lib/gcc/x86_64-linux-gnu/5/crtend.o /usr/lib/gcc/x86_64-linux-gnu/5/../../../x86_64-linux-gnu/crtn.o
make[1]: Leaving directory '/opt/openrobots/src/tsid-fork/_build-RELEASE/CMakeFiles/CMakeTmp'


Parsed C implicit link information from above output:
  link line regex: [^( *|.*[/\])(ld|([^/\]+-)?ld|collect2)[^/\]*( |$)]
  ignore line: [Change Dir: /opt/openrobots/src/tsid-fork/_build-RELEASE/CMakeFiles/CMakeTmp]
  ignore line: []
  ignore line: [Run Build Command:"/usr/bin/make" "cmTC_1aba1/fast"]
  ignore line: [/usr/bin/make -f CMakeFiles/cmTC_1aba1.dir/build.make CMakeFiles/cmTC_1aba1.dir/build]
  ignore line: [make[1]: Entering directory '/opt/openrobots/src/tsid-fork/_build-RELEASE/CMakeFiles/CMakeTmp']
  ignore line: [Building C object CMakeFiles/cmTC_1aba1.dir/CMakeCCompilerABI.c.o]
  ignore line: [/usr/bin/gcc     -o CMakeFiles/cmTC_1aba1.dir/CMakeCCompilerABI.c.o   -c /usr/share/cmake-3.5/Modules/CMakeCCompilerABI.c]
  ignore line: [Linking C executable cmTC_1aba1]
  ignore line: [/usr/bin/cmake -E cmake_link_script CMakeFiles/cmTC_1aba1.dir/link.txt --verbose=1]
  ignore line: [/usr/bin/gcc      -v CMakeFiles/cmTC_1aba1.dir/CMakeCCompilerABI.c.o  -o cmTC_1aba1 -rdynamic  ]
  ignore line: [Using built-in specs.]
  ignore line: [COLLECT_GCC=/usr/bin/gcc]
  ignore line: [COLLECT_LTO_WRAPPER=/usr/lib/gcc/x86_64-linux-gnu/5/lto-wrapper]
  ignore line: [Target: x86_64-linux-gnu]
  ignore line: [Configured with: ../src/configure -v --with-pkgversion='Ubuntu 5.4.0-6ubuntu1~16.04.10' --with-bugurl=file:///usr/share/doc/gcc-5/README.Bugs --enable-languages=c,ada,c++,java,go,d,fortran,objc,obj-c++ --prefix=/usr --program-suffix=-5 --enable-shared --enable-linker-build-id --libexecdir=/usr/lib --without-included-gettext --enable-threads=posix --libdir=/usr/lib --enable-nls --with-sysroot=/ --enable-clocale=gnu --enable-libstdcxx-debug --enable-libstdcxx-time=yes --with-default-libstdcxx-abi=new --enable-gnu-unique-object --disable-vtable-verify --enable-libmpx --enable-plugin --with-system-zlib --disable-browser-plugin --enable-java-awt=gtk --enable-gtk-cairo --with-java-home=/usr/lib/jvm/java-1.5.0-gcj-5-amd64/jre --enable-java-home --with-jvm-root-dir=/usr/lib/jvm/java-1.5.0-gcj-5-amd64 --with-jvm-jar-dir=/usr/lib/jvm-exports/java-1.5.0-gcj-5-amd64 --with-arch-directory=amd64 --with-ecj-jar=/usr/share/java/eclipse-ecj.jar --enable-objc-gc --enable-multiarch --disable-werror --with-arch-32=i686 --with-abi=m64 --with-multilib-list=m32,m64,mx32 --enable-multilib --with-tune=generic --enable-checking=release --build=x86_64-linux-gnu --host=x86_64-linux-gnu --target=x86_64-linux-gnu]
  ignore line: [Thread model: posix]
  ignore line: [gcc version 5.4.0 20160609 (Ubuntu 5.4.0-6ubuntu1~16.04.10) ]
  ignore line: [COMPILER_PATH=/usr/lib/gcc/x86_64-linux-gnu/5/:/usr/lib/gcc/x86_64-linux-gnu/5/:/usr/lib/gcc/x86_64-linux-gnu/:/usr/lib/gcc/x86_64-linux-gnu/5/:/usr/lib/gcc/x86_64-linux-gnu/]
  ignore line: [LIBRARY_PATH=/usr/lib/gcc/x86_64-linux-gnu/5/:/usr/lib/gcc/x86_64-linux-gnu/5/../../../x86_64-linux-gnu/:/usr/lib/gcc/x86_64-linux-gnu/5/../../../../lib/:/lib/x86_64-linux-gnu/:/lib/../lib/:/usr/lib/x86_64-linux-gnu/:/usr/lib/../lib/:/usr/lib/gcc/x86_64-linux-gnu/5/../../../:/lib/:/usr/lib/]
  ignore line: [COLLECT_GCC_OPTIONS='-v' '-o' 'cmTC_1aba1' '-rdynamic' '-mtune=generic' '-march=x86-64']
  link line: [ /usr/lib/gcc/x86_64-linux-gnu/5/collect2 -plugin /usr/lib/gcc/x86_64-linux-gnu/5/liblto_plugin.so -plugin-opt=/usr/lib/gcc/x86_64-linux-gnu/5/lto-wrapper -plugin-opt=-fresolution=/tmp/cck2fjGl.res -plugin-opt=-pass-through=-lgcc -plugin-opt=-pass-through=-lgcc_s -plugin-opt=-pass-through=-lc -plugin-opt=-pass-through=-lgcc -plugin-opt=-pass-through=-lgcc_s --sysroot=/ --build-id --eh-frame-hdr -m elf_x86_64 --hash-style=gnu --as-needed -export-dynamic -dynamic-linker /lib64/ld-linux-x86-64.so.2 -z relro -o cmTC_1aba1 /usr/lib/gcc/x86_64-linux-gnu/5/../../../x86_64-linux-gnu/crt1.o /usr/lib/gcc/x86_64-linux-gnu/5/../../../x86_64-linux-gnu/crti.o /usr/lib/gcc/x86_64-linux-gnu/5/crtbegin.o -L/usr/lib/gcc/x86_64-linux-gnu/5 -L/usr/lib/gcc/x86_64-linux-gnu/5/../../../x86_64-linux-gnu -L/usr/lib/gcc/x86_64-linux-gnu/5/../../../../lib -L/lib/x86_64-linux-gnu -L/lib/../lib -L/usr/lib/x86_64-linux-gnu -L/usr/lib/../lib -L/usr/lib/gcc/x86_64-linux-gnu/5/../../.. CMakeFiles/cmTC_1aba1.dir/CMakeCCompilerABI.c.o -lgcc --as-needed -lgcc_s --no-as-needed -lc -lgcc --as-needed -lgcc_s --no-as-needed /usr/lib/gcc/x86_64-linux-gnu/5/crtend.o /usr/lib/gcc/x86_64-linux-gnu/5/../../../x86_64-linux-gnu/crtn.o]
    arg [/usr/lib/gcc/x86_64-linux-gnu/5/collect2] ==> ignore
    arg [-plugin] ==> ignore
    arg [/usr/lib/gcc/x86_64-linux-gnu/5/liblto_plugin.so] ==> ignore
    arg [-plugin-opt=/usr/lib/gcc/x86_64-linux-gnu/5/lto-wrapper] ==> ignore
    arg [-plugin-opt=-fresolution=/tmp/cck2fjGl.res] ==> ignore
    arg [-plugin-opt=-pass-through=-lgcc] ==> ignore
    arg [-plugin-opt=-pass-through=-lgcc_s] ==> ignore
    arg [-plugin-opt=-pass-through=-lc] ==> ignore
    arg [-plugin-opt=-pass-through=-lgcc] ==> ignore
    arg [-plugin-opt=-pass-through=-lgcc_s] ==> ignore
    arg [--sysroot=/] ==> ignore
    arg [--build-id] ==> ignore
    arg [--eh-frame-hdr] ==> ignore
    arg [-m] ==> ignore
    arg [elf_x86_64] ==> ignore
    arg [--hash-style=gnu] ==> ignore
    arg [--as-needed] ==> ignore
    arg [-export-dynamic] ==> ignore
    arg [-dynamic-linker] ==> ignore
    arg [/lib64/ld-linux-x86-64.so.2] ==> ignore
    arg [-zrelro] ==> ignore
    arg [-o] ==> ignore
    arg [cmTC_1aba1] ==> ignore
    arg [/usr/lib/gcc/x86_64-linux-gnu/5/../../../x86_64-linux-gnu/crt1.o] ==> ignore
    arg [/usr/lib/gcc/x86_64-linux-gnu/5/../../../x86_64-linux-gnu/crti.o] ==> ignore
    arg [/usr/lib/gcc/x86_64-linux-gnu/5/crtbegin.o] ==> ignore
    arg [-L/usr/lib/gcc/x86_64-linux-gnu/5] ==> dir [/usr/lib/gcc/x86_64-linux-gnu/5]
    arg [-L/usr/lib/gcc/x86_64-linux-gnu/5/../../../x86_64-linux-gnu] ==> dir [/usr/lib/gcc/x86_64-linux-gnu/5/../../../x86_64-linux-gnu]
    arg [-L/usr/lib/gcc/x86_64-linux-gnu/5/../../../../lib] ==> dir [/usr/lib/gcc/x86_64-linux-gnu/5/../../../../lib]
    arg [-L/lib/x86_64-linux-gnu] ==> dir [/lib/x86_64-linux-gnu]
    arg [-L/lib/../lib] ==> dir [/lib/../lib]
    arg [-L/usr/lib/x86_64-linux-gnu] ==> dir [/usr/lib/x86_64-linux-gnu]
    arg [-L/usr/lib/../lib] ==> dir [/usr/lib/../lib]
    arg [-L/usr/lib/gcc/x86_64-linux-gnu/5/../../..] ==> dir [/usr/lib/gcc/x86_64-linux-gnu/5/../../..]
    arg [CMakeFiles/cmTC_1aba1.dir/CMakeCCompilerABI.c.o] ==> ignore
    arg [-lgcc] ==> lib [gcc]
    arg [--as-needed] ==> ignore
    arg [-lgcc_s] ==> lib [gcc_s]
    arg [--no-as-needed] ==> ignore
    arg [-lc] ==> lib [c]
    arg [-lgcc] ==> lib [gcc]
    arg [--as-needed] ==> ignore
    arg [-lgcc_s] ==> lib [gcc_s]
    arg [--no-as-needed] ==> ignore
    arg [/usr/lib/gcc/x86_64-linux-gnu/5/crtend.o] ==> ignore
    arg [/usr/lib/gcc/x86_64-linux-gnu/5/../../../x86_64-linux-gnu/crtn.o] ==> ignore
  remove lib [gcc]
  remove lib [gcc_s]
  remove lib [gcc]
  remove lib [gcc_s]
  collapse library dir [/usr/lib/gcc/x86_64-linux-gnu/5] ==> [/usr/lib/gcc/x86_64-linux-gnu/5]
  collapse library dir [/usr/lib/gcc/x86_64-linux-gnu/5/../../../x86_64-linux-gnu] ==> [/usr/lib/x86_64-linux-gnu]
  collapse library dir [/usr/lib/gcc/x86_64-linux-gnu/5/../../../../lib] ==> [/usr/lib]
  collapse library dir [/lib/x86_64-linux-gnu] ==> [/lib/x86_64-linux-gnu]
  collapse library dir [/lib/../lib] ==> [/lib]
  collapse library dir [/usr/lib/x86_64-linux-gnu] ==> [/usr/lib/x86_64-linux-gnu]
  collapse library dir [/usr/lib/../lib] ==> [/usr/lib]
  collapse library dir [/usr/lib/gcc/x86_64-linux-gnu/5/../../..] ==> [/usr/lib]
  implicit libs: [c]
  implicit dirs: [/usr/lib/gcc/x86_64-linux-gnu/5;/usr/lib/x86_64-linux-gnu;/usr/lib;/lib/x86_64-linux-gnu;/lib]
  implicit fwks: []




Detecting C [-std=c11] compiler features compiled with the following output:
Change Dir: /opt/openrobots/src/tsid-fork/_build-RELEASE/CMakeFiles/CMakeTmp

Run Build Command:"/usr/bin/make" "cmTC_1b810/fast"
/usr/bin/make -f CMakeFiles/cmTC_1b810.dir/build.make CMakeFiles/cmTC_1b810.dir/build
make[1]: Entering directory '/opt/openrobots/src/tsid-fork/_build-RELEASE/CMakeFiles/CMakeTmp'
Building C object CMakeFiles/cmTC_1b810.dir/feature_tests.c.o
/usr/bin/gcc    -std=c11 -o CMakeFiles/cmTC_1b810.dir/feature_tests.c.o   -c /opt/openrobots/src/tsid-fork/_build-RELEASE/CMakeFiles/feature_tests.c
Linking C executable cmTC_1b810
/usr/bin/cmake -E cmake_link_script CMakeFiles/cmTC_1b810.dir/link.txt --verbose=1
/usr/bin/gcc       CMakeFiles/cmTC_1b810.dir/feature_tests.c.o  -o cmTC_1b810 -rdynamic 
make[1]: Leaving directory '/opt/openrobots/src/tsid-fork/_build-RELEASE/CMakeFiles/CMakeTmp'


    Feature record: C_FEATURE:1c_function_prototypes
    Feature record: C_FEATURE:1c_restrict
    Feature record: C_FEATURE:1c_static_assert
    Feature record: C_FEATURE:1c_variadic_macros


Detecting C [-std=c99] compiler features compiled with the following output:
Change Dir: /opt/openrobots/src/tsid-fork/_build-RELEASE/CMakeFiles/CMakeTmp

Run Build Command:"/usr/bin/make" "cmTC_108a5/fast"
/usr/bin/make -f CMakeFiles/cmTC_108a5.dir/build.make CMakeFiles/cmTC_108a5.dir/build
make[1]: Entering directory '/opt/openrobots/src/tsid-fork/_build-RELEASE/CMakeFiles/CMakeTmp'
Building C object CMakeFiles/cmTC_108a5.dir/feature_tests.c.o
/usr/bin/gcc    -std=c99 -o CMakeFiles/cmTC_108a5.dir/feature_tests.c.o   -c /opt/openrobots/src/tsid-fork/_build-RELEASE/CMakeFiles/feature_tests.c
Linking C executable cmTC_108a5
/usr/bin/cmake -E cmake_link_script CMakeFiles/cmTC_108a5.dir/link.txt --verbose=1
/usr/bin/gcc       CMakeFiles/cmTC_108a5.dir/feature_tests.c.o  -o cmTC_108a5 -rdynamic 
make[1]: Leaving directory '/opt/openrobots/src/tsid-fork/_build-RELEASE/CMakeFiles/CMakeTmp'


    Feature record: C_FEATURE:1c_function_prototypes
    Feature record: C_FEATURE:1c_restrict
    Feature record: C_FEATURE:0c_static_assert
    Feature record: C_FEATURE:1c_variadic_macros


Detecting C [-std=c90] compiler features compiled with the following output:
Change Dir: /opt/openrobots/src/tsid-fork/_build-RELEASE/CMakeFiles/CMakeTmp

Run Build Command:"/usr/bin/make" "cmTC_9f571/fast"
/usr/bin/make -f CMakeFiles/cmTC_9f571.dir/build.make CMakeFiles/cmTC_9f571.dir/build
make[1]: Entering directory '/opt/openrobots/src/tsid-fork/_build-RELEASE/CMakeFiles/CMakeTmp'
Building C object CMakeFiles/cmTC_9f571.dir/feature_tests.c.o
/usr/bin/gcc    -std=c90 -o CMakeFiles/cmTC_9f571.dir/feature_tests.c.o   -c /opt/openrobots/src/tsid-fork/_build-RELEASE/CMakeFiles/feature_tests.c
Linking C executable cmTC_9f571
/usr/bin/cmake -E cmake_link_script CMakeFiles/cmTC_9f571.dir/link.txt --verbose=1
/usr/bin/gcc       CMakeFiles/cmTC_9f571.dir/feature_tests.c.o  -o cmTC_9f571 -rdynamic 
make[1]: Leaving directory '/opt/openrobots/src/tsid-fork/_build-RELEASE/CMakeFiles/CMakeTmp'


    Feature record: C_FEATURE:1c_function_prototypes
    Feature record: C_FEATURE:0c_restrict
    Feature record: C_FEATURE:0c_static_assert
    Feature record: C_FEATURE:0c_variadic_macros
Determining if the CXX compiler works passed with the following output:
Change Dir: /opt/openrobots/src/tsid-fork/_build-RELEASE/CMakeFiles/CMakeTmp

Run Build Command:"/usr/bin/make" "cmTC_f7f45/fast"
/usr/bin/make -f CMakeFiles/cmTC_f7f45.dir/build.make CMakeFiles/cmTC_f7f45.dir/build
make[1]: Entering directory '/opt/openrobots/src/tsid-fork/_build-RELEASE/CMakeFiles/CMakeTmp'
Building CXX object CMakeFiles/cmTC_f7f45.dir/testCXXCompiler.cxx.o
/usr/bin/g++      -o CMakeFiles/cmTC_f7f45.dir/testCXXCompiler.cxx.o -c /opt/openrobots/src/tsid-fork/_build-RELEASE/CMakeFiles/CMakeTmp/testCXXCompiler.cxx
Linking CXX executable cmTC_f7f45
/usr/bin/cmake -E cmake_link_script CMakeFiles/cmTC_f7f45.dir/link.txt --verbose=1
/usr/bin/g++        CMakeFiles/cmTC_f7f45.dir/testCXXCompiler.cxx.o  -o cmTC_f7f45 -rdynamic 
make[1]: Leaving directory '/opt/openrobots/src/tsid-fork/_build-RELEASE/CMakeFiles/CMakeTmp'


Detecting CXX compiler ABI info compiled with the following output:
Change Dir: /opt/openrobots/src/tsid-fork/_build-RELEASE/CMakeFiles/CMakeTmp

Run Build Command:"/usr/bin/make" "cmTC_93f2d/fast"
/usr/bin/make -f CMakeFiles/cmTC_93f2d.dir/build.make CMakeFiles/cmTC_93f2d.dir/build
make[1]: Entering directory '/opt/openrobots/src/tsid-fork/_build-RELEASE/CMakeFiles/CMakeTmp'
Building CXX object CMakeFiles/cmTC_93f2d.dir/CMakeCXXCompilerABI.cpp.o
/usr/bin/g++      -o CMakeFiles/cmTC_93f2d.dir/CMakeCXXCompilerABI.cpp.o -c /usr/share/cmake-3.5/Modules/CMakeCXXCompilerABI.cpp
Linking CXX executable cmTC_93f2d
/usr/bin/cmake -E cmake_link_script CMakeFiles/cmTC_93f2d.dir/link.txt --verbose=1
/usr/bin/g++       -v CMakeFiles/cmTC_93f2d.dir/CMakeCXXCompilerABI.cpp.o  -o cmTC_93f2d -rdynamic  
Using built-in specs.
COLLECT_GCC=/usr/bin/g++
COLLECT_LTO_WRAPPER=/usr/lib/gcc/x86_64-linux-gnu/5/lto-wrapper
Target: x86_64-linux-gnu
Configured with: ../src/configure -v --with-pkgversion='Ubuntu 5.4.0-6ubuntu1~16.04.10' --with-bugurl=file:///usr/share/doc/gcc-5/README.Bugs --enable-languages=c,ada,c++,java,go,d,fortran,objc,obj-c++ --prefix=/usr --program-suffix=-5 --enable-shared --enable-linker-build-id --libexecdir=/usr/lib --without-included-gettext --enable-threads=posix --libdir=/usr/lib --enable-nls --with-sysroot=/ --enable-clocale=gnu --enable-libstdcxx-debug --enable-libstdcxx-time=yes --with-default-libstdcxx-abi=new --enable-gnu-unique-object --disable-vtable-verify --enable-libmpx --enable-plugin --with-system-zlib --disable-browser-plugin --enable-java-awt=gtk --enable-gtk-cairo --with-java-home=/usr/lib/jvm/java-1.5.0-gcj-5-amd64/jre --enable-java-home --with-jvm-root-dir=/usr/lib/jvm/java-1.5.0-gcj-5-amd64 --with-jvm-jar-dir=/usr/lib/jvm-exports/java-1.5.0-gcj-5-amd64 --with-arch-directory=amd64 --with-ecj-jar=/usr/share/java/eclipse-ecj.jar --enable-objc-gc --enable-multiarch --disable-werror --with-arch-32=i686 --with-abi=m64 --with-multilib-list=m32,m64,mx32 --enable-multilib --with-tune=generic --enable-checking=release --build=x86_64-linux-gnu --host=x86_64-linux-gnu --target=x86_64-linux-gnu
Thread model: posix
gcc version 5.4.0 20160609 (Ubuntu 5.4.0-6ubuntu1~16.04.10) 
COMPILER_PATH=/usr/lib/gcc/x86_64-linux-gnu/5/:/usr/lib/gcc/x86_64-linux-gnu/5/:/usr/lib/gcc/x86_64-linux-gnu/:/usr/lib/gcc/x86_64-linux-gnu/5/:/usr/lib/gcc/x86_64-linux-gnu/
LIBRARY_PATH=/usr/lib/gcc/x86_64-linux-gnu/5/:/usr/lib/gcc/x86_64-linux-gnu/5/../../../x86_64-linux-gnu/:/usr/lib/gcc/x86_64-linux-gnu/5/../../../../lib/:/lib/x86_64-linux-gnu/:/lib/../lib/:/usr/lib/x86_64-linux-gnu/:/usr/lib/../lib/:/usr/lib/gcc/x86_64-linux-gnu/5/../../../:/lib/:/usr/lib/
COLLECT_GCC_OPTIONS='-v' '-o' 'cmTC_93f2d' '-rdynamic' '-shared-libgcc' '-mtune=generic' '-march=x86-64'
 /usr/lib/gcc/x86_64-linux-gnu/5/collect2 -plugin /usr/lib/gcc/x86_64-linux-gnu/5/liblto_plugin.so -plugin-opt=/usr/lib/gcc/x86_64-linux-gnu/5/lto-wrapper -plugin-opt=-fresolution=/tmp/ccyDIbUx.res -plugin-opt=-pass-through=-lgcc_s -plugin-opt=-pass-through=-lgcc -plugin-opt=-pass-through=-lc -plugin-opt=-pass-through=-lgcc_s -plugin-opt=-pass-through=-lgcc --sysroot=/ --build-id --eh-frame-hdr -m elf_x86_64 --hash-style=gnu --as-needed -export-dynamic -dynamic-linker /lib64/ld-linux-x86-64.so.2 -z relro -o cmTC_93f2d /usr/lib/gcc/x86_64-linux-gnu/5/../../../x86_64-linux-gnu/crt1.o /usr/lib/gcc/x86_64-linux-gnu/5/../../../x86_64-linux-gnu/crti.o /usr/lib/gcc/x86_64-linux-gnu/5/crtbegin.o -L/usr/lib/gcc/x86_64-linux-gnu/5 -L/usr/lib/gcc/x86_64-linux-gnu/5/../../../x86_64-linux-gnu -L/usr/lib/gcc/x86_64-linux-gnu/5/../../../../lib -L/lib/x86_64-linux-gnu -L/lib/../lib -L/usr/lib/x86_64-linux-gnu -L/usr/lib/../lib -L/usr/lib/gcc/x86_64-linux-gnu/5/../../.. CMakeFiles/cmTC_93f2d.dir/CMakeCXXCompilerABI.cpp.o -lstdc++ -lm -lgcc_s -lgcc -lc -lgcc_s -lgcc /usr/lib/gcc/x86_64-linux-gnu/5/crtend.o /usr/lib/gcc/x86_64-linux-gnu/5/../../../x86_64-linux-gnu/crtn.o
make[1]: Leaving directory '/opt/openrobots/src/tsid-fork/_build-RELEASE/CMakeFiles/CMakeTmp'


Parsed CXX implicit link information from above output:
  link line regex: [^( *|.*[/\])(ld|([^/\]+-)?ld|collect2)[^/\]*( |$)]
  ignore line: [Change Dir: /opt/openrobots/src/tsid-fork/_build-RELEASE/CMakeFiles/CMakeTmp]
  ignore line: []
  ignore line: [Run Build Command:"/usr/bin/make" "cmTC_93f2d/fast"]
  ignore line: [/usr/bin/make -f CMakeFiles/cmTC_93f2d.dir/build.make CMakeFiles/cmTC_93f2d.dir/build]
  ignore line: [make[1]: Entering directory '/opt/openrobots/src/tsid-fork/_build-RELEASE/CMakeFiles/CMakeTmp']
  ignore line: [Building CXX object CMakeFiles/cmTC_93f2d.dir/CMakeCXXCompilerABI.cpp.o]
  ignore line: [/usr/bin/g++      -o CMakeFiles/cmTC_93f2d.dir/CMakeCXXCompilerABI.cpp.o -c /usr/share/cmake-3.5/Modules/CMakeCXXCompilerABI.cpp]
  ignore line: [Linking CXX executable cmTC_93f2d]
  ignore line: [/usr/bin/cmake -E cmake_link_script CMakeFiles/cmTC_93f2d.dir/link.txt --verbose=1]
  ignore line: [/usr/bin/g++       -v CMakeFiles/cmTC_93f2d.dir/CMakeCXXCompilerABI.cpp.o  -o cmTC_93f2d -rdynamic  ]
  ignore line: [Using built-in specs.]
  ignore line: [COLLECT_GCC=/usr/bin/g++]
  ignore line: [COLLECT_LTO_WRAPPER=/usr/lib/gcc/x86_64-linux-gnu/5/lto-wrapper]
  ignore line: [Target: x86_64-linux-gnu]
  ignore line: [Configured with: ../src/configure -v --with-pkgversion='Ubuntu 5.4.0-6ubuntu1~16.04.10' --with-bugurl=file:///usr/share/doc/gcc-5/README.Bugs --enable-languages=c,ada,c++,java,go,d,fortran,objc,obj-c++ --prefix=/usr --program-suffix=-5 --enable-shared --enable-linker-build-id --libexecdir=/usr/lib --without-included-gettext --enable-threads=posix --libdir=/usr/lib --enable-nls --with-sysroot=/ --enable-clocale=gnu --enable-libstdcxx-debug --enable-libstdcxx-time=yes --with-default-libstdcxx-abi=new --enable-gnu-unique-object --disable-vtable-verify --enable-libmpx --enable-plugin --with-system-zlib --disable-browser-plugin --enable-java-awt=gtk --enable-gtk-cairo --with-java-home=/usr/lib/jvm/java-1.5.0-gcj-5-amd64/jre --enable-java-home --with-jvm-root-dir=/usr/lib/jvm/java-1.5.0-gcj-5-amd64 --with-jvm-jar-dir=/usr/lib/jvm-exports/java-1.5.0-gcj-5-amd64 --with-arch-directory=amd64 --with-ecj-jar=/usr/share/java/eclipse-ecj.jar --enable-objc-gc --enable-multiarch --disable-werror --with-arch-32=i686 --with-abi=m64 --with-multilib-list=m32,m64,mx32 --enable-multilib --with-tune=generic --enable-checking=release --build=x86_64-linux-gnu --host=x86_64-linux-gnu --target=x86_64-linux-gnu]
  ignore line: [Thread model: posix]
  ignore line: [gcc version 5.4.0 20160609 (Ubuntu 5.4.0-6ubuntu1~16.04.10) ]
  ignore line: [COMPILER_PATH=/usr/lib/gcc/x86_64-linux-gnu/5/:/usr/lib/gcc/x86_64-linux-gnu/5/:/usr/lib/gcc/x86_64-linux-gnu/:/usr/lib/gcc/x86_64-linux-gnu/5/:/usr/lib/gcc/x86_64-linux-gnu/]
  ignore line: [LIBRARY_PATH=/usr/lib/gcc/x86_64-linux-gnu/5/:/usr/lib/gcc/x86_64-linux-gnu/5/../../../x86_64-linux-gnu/:/usr/lib/gcc/x86_64-linux-gnu/5/../../../../lib/:/lib/x86_64-linux-gnu/:/lib/../lib/:/usr/lib/x86_64-linux-gnu/:/usr/lib/../lib/:/usr/lib/gcc/x86_64-linux-gnu/5/../../../:/lib/:/usr/lib/]
  ignore line: [COLLECT_GCC_OPTIONS='-v' '-o' 'cmTC_93f2d' '-rdynamic' '-shared-libgcc' '-mtune=generic' '-march=x86-64']
  link line: [ /usr/lib/gcc/x86_64-linux-gnu/5/collect2 -plugin /usr/lib/gcc/x86_64-linux-gnu/5/liblto_plugin.so -plugin-opt=/usr/lib/gcc/x86_64-linux-gnu/5/lto-wrapper -plugin-opt=-fresolution=/tmp/ccyDIbUx.res -plugin-opt=-pass-through=-lgcc_s -plugin-opt=-pass-through=-lgcc -plugin-opt=-pass-through=-lc -plugin-opt=-pass-through=-lgcc_s -plugin-opt=-pass-through=-lgcc --sysroot=/ --build-id --eh-frame-hdr -m elf_x86_64 --hash-style=gnu --as-needed -export-dynamic -dynamic-linker /lib64/ld-linux-x86-64.so.2 -z relro -o cmTC_93f2d /usr/lib/gcc/x86_64-linux-gnu/5/../../../x86_64-linux-gnu/crt1.o /usr/lib/gcc/x86_64-linux-gnu/5/../../../x86_64-linux-gnu/crti.o /usr/lib/gcc/x86_64-linux-gnu/5/crtbegin.o -L/usr/lib/gcc/x86_64-linux-gnu/5 -L/usr/lib/gcc/x86_64-linux-gnu/5/../../../x86_64-linux-gnu -L/usr/lib/gcc/x86_64-linux-gnu/5/../../../../lib -L/lib/x86_64-linux-gnu -L/lib/../lib -L/usr/lib/x86_64-linux-gnu -L/usr/lib/../lib -L/usr/lib/gcc/x86_64-linux-gnu/5/../../.. CMakeFiles/cmTC_93f2d.dir/CMakeCXXCompilerABI.cpp.o -lstdc++ -lm -lgcc_s -lgcc -lc -lgcc_s -lgcc /usr/lib/gcc/x86_64-linux-gnu/5/crtend.o /usr/lib/gcc/x86_64-linux-gnu/5/../../../x86_64-linux-gnu/crtn.o]
    arg [/usr/lib/gcc/x86_64-linux-gnu/5/collect2] ==> ignore
    arg [-plugin] ==> ignore
    arg [/usr/lib/gcc/x86_64-linux-gnu/5/liblto_plugin.so] ==> ignore
    arg [-plugin-opt=/usr/lib/gcc/x86_64-linux-gnu/5/lto-wrapper] ==> ignore
    arg [-plugin-opt=-fresolution=/tmp/ccyDIbUx.res] ==> ignore
    arg [-plugin-opt=-pass-through=-lgcc_s] ==> ignore
    arg [-plugin-opt=-pass-through=-lgcc] ==> ignore
    arg [-plugin-opt=-pass-through=-lc] ==> ignore
    arg [-plugin-opt=-pass-through=-lgcc_s] ==> ignore
    arg [-plugin-opt=-pass-through=-lgcc] ==> ignore
    arg [--sysroot=/] ==> ignore
    arg [--build-id] ==> ignore
    arg [--eh-frame-hdr] ==> ignore
    arg [-m] ==> ignore
    arg [elf_x86_64] ==> ignore
    arg [--hash-style=gnu] ==> ignore
    arg [--as-needed] ==> ignore
    arg [-export-dynamic] ==> ignore
    arg [-dynamic-linker] ==> ignore
    arg [/lib64/ld-linux-x86-64.so.2] ==> ignore
    arg [-zrelro] ==> ignore
    arg [-o] ==> ignore
    arg [cmTC_93f2d] ==> ignore
    arg [/usr/lib/gcc/x86_64-linux-gnu/5/../../../x86_64-linux-gnu/crt1.o] ==> ignore
    arg [/usr/lib/gcc/x86_64-linux-gnu/5/../../../x86_64-linux-gnu/crti.o] ==> ignore
    arg [/usr/lib/gcc/x86_64-linux-gnu/5/crtbegin.o] ==> ignore
    arg [-L/usr/lib/gcc/x86_64-linux-gnu/5] ==> dir [/usr/lib/gcc/x86_64-linux-gnu/5]
    arg [-L/usr/lib/gcc/x86_64-linux-gnu/5/../../../x86_64-linux-gnu] ==> dir [/usr/lib/gcc/x86_64-linux-gnu/5/../../../x86_64-linux-gnu]
    arg [-L/usr/lib/gcc/x86_64-linux-gnu/5/../../../../lib] ==> dir [/usr/lib/gcc/x86_64-linux-gnu/5/../../../../lib]
    arg [-L/lib/x86_64-linux-gnu] ==> dir [/lib/x86_64-linux-gnu]
    arg [-L/lib/../lib] ==> dir [/lib/../lib]
    arg [-L/usr/lib/x86_64-linux-gnu] ==> dir [/usr/lib/x86_64-linux-gnu]
    arg [-L/usr/lib/../lib] ==> dir [/usr/lib/../lib]
    arg [-L/usr/lib/gcc/x86_64-linux-gnu/5/../../..] ==> dir [/usr/lib/gcc/x86_64-linux-gnu/5/../../..]
    arg [CMakeFiles/cmTC_93f2d.dir/CMakeCXXCompilerABI.cpp.o] ==> ignore
    arg [-lstdc++] ==> lib [stdc++]
    arg [-lm] ==> lib [m]
    arg [-lgcc_s] ==> lib [gcc_s]
    arg [-lgcc] ==> lib [gcc]
    arg [-lc] ==> lib [c]
    arg [-lgcc_s] ==> lib [gcc_s]
    arg [-lgcc] ==> lib [gcc]
    arg [/usr/lib/gcc/x86_64-linux-gnu/5/crtend.o] ==> ignore
    arg [/usr/lib/gcc/x86_64-linux-gnu/5/../../../x86_64-linux-gnu/crtn.o] ==> ignore
  remove lib [gcc_s]
  remove lib [gcc]
  remove lib [gcc_s]
  remove lib [gcc]
  collapse library dir [/usr/lib/gcc/x86_64-linux-gnu/5] ==> [/usr/lib/gcc/x86_64-linux-gnu/5]
  collapse library dir [/usr/lib/gcc/x86_64-linux-gnu/5/../../../x86_64-linux-gnu] ==> [/usr/lib/x86_64-linux-gnu]
  collapse library dir [/usr/lib/gcc/x86_64-linux-gnu/5/../../../../lib] ==> [/usr/lib]
  collapse library dir [/lib/x86_64-linux-gnu] ==> [/lib/x86_64-linux-gnu]
  collapse library dir [/lib/../lib] ==> [/lib]
  collapse library dir [/usr/lib/x86_64-linux-gnu] ==> [/usr/lib/x86_64-linux-gnu]
  collapse library dir [/usr/lib/../lib] ==> [/usr/lib]
  collapse library dir [/usr/lib/gcc/x86_64-linux-gnu/5/../../..] ==> [/usr/lib]
  implicit libs: [stdc++;m;c]
  implicit dirs: [/usr/lib/gcc/x86_64-linux-gnu/5;/usr/lib/x86_64-linux-gnu;/usr/lib;/lib/x86_64-linux-gnu;/lib]
  implicit fwks: []




Detecting CXX [-std=c++14] compiler features compiled with the following output:
Change Dir: /opt/openrobots/src/tsid-fork/_build-RELEASE/CMakeFiles/CMakeTmp

Run Build Command:"/usr/bin/make" "cmTC_4d830/fast"
/usr/bin/make -f CMakeFiles/cmTC_4d830.dir/build.make CMakeFiles/cmTC_4d830.dir/build
make[1]: Entering directory '/opt/openrobots/src/tsid-fork/_build-RELEASE/CMakeFiles/CMakeTmp'
Building CXX object CMakeFiles/cmTC_4d830.dir/feature_tests.cxx.o
/usr/bin/g++     -std=c++14 -o CMakeFiles/cmTC_4d830.dir/feature_tests.cxx.o -c /opt/openrobots/src/tsid-fork/_build-RELEASE/CMakeFiles/feature_tests.cxx
Linking CXX executable cmTC_4d830
/usr/bin/cmake -E cmake_link_script CMakeFiles/cmTC_4d830.dir/link.txt --verbose=1
/usr/bin/g++        CMakeFiles/cmTC_4d830.dir/feature_tests.cxx.o  -o cmTC_4d830 -rdynamic 
make[1]: Leaving directory '/opt/openrobots/src/tsid-fork/_build-RELEASE/CMakeFiles/CMakeTmp'


    Feature record: CXX_FEATURE:1cxx_aggregate_default_initializers
    Feature record: CXX_FEATURE:1cxx_alias_templates
    Feature record: CXX_FEATURE:1cxx_alignas
    Feature record: CXX_FEATURE:1cxx_alignof
    Feature record: CXX_FEATURE:1cxx_attributes
    Feature record: CXX_FEATURE:1cxx_attribute_deprecated
    Feature record: CXX_FEATURE:1cxx_auto_type
    Feature record: CXX_FEATURE:1cxx_binary_literals
    Feature record: CXX_FEATURE:1cxx_constexpr
    Feature record: CXX_FEATURE:1cxx_contextual_conversions
    Feature record: CXX_FEATURE:1cxx_decltype
    Feature record: CXX_FEATURE:1cxx_decltype_auto
    Feature record: CXX_FEATURE:1cxx_decltype_incomplete_return_types
    Feature record: CXX_FEATURE:1cxx_default_function_template_args
    Feature record: CXX_FEATURE:1cxx_defaulted_functions
    Feature record: CXX_FEATURE:1cxx_defaulted_move_initializers
    Feature record: CXX_FEATURE:1cxx_delegating_constructors
    Feature record: CXX_FEATURE:1cxx_deleted_functions
    Feature record: CXX_FEATURE:1cxx_digit_separators
    Feature record: CXX_FEATURE:1cxx_enum_forward_declarations
    Feature record: CXX_FEATURE:1cxx_explicit_conversions
    Feature record: CXX_FEATURE:1cxx_extended_friend_declarations
    Feature record: CXX_FEATURE:1cxx_extern_templates
    Feature record: CXX_FEATURE:1cxx_final
    Feature record: CXX_FEATURE:1cxx_func_identifier
    Feature record: CXX_FEATURE:1cxx_generalized_initializers
    Feature record: CXX_FEATURE:1cxx_generic_lambdas
    Feature record: CXX_FEATURE:1cxx_inheriting_constructors
    Feature record: CXX_FEATURE:1cxx_inline_namespaces
    Feature record: CXX_FEATURE:1cxx_lambdas
    Feature record: CXX_FEATURE:1cxx_lambda_init_captures
    Feature record: CXX_FEATURE:1cxx_local_type_template_args
    Feature record: CXX_FEATURE:1cxx_long_long_type
    Feature record: CXX_FEATURE:1cxx_noexcept
    Feature record: CXX_FEATURE:1cxx_nonstatic_member_init
    Feature record: CXX_FEATURE:1cxx_nullptr
    Feature record: CXX_FEATURE:1cxx_override
    Feature record: CXX_FEATURE:1cxx_range_for
    Feature record: CXX_FEATURE:1cxx_raw_string_literals
    Feature record: CXX_FEATURE:1cxx_reference_qualified_functions
    Feature record: CXX_FEATURE:1cxx_relaxed_constexpr
    Feature record: CXX_FEATURE:1cxx_return_type_deduction
    Feature record: CXX_FEATURE:1cxx_right_angle_brackets
    Feature record: CXX_FEATURE:1cxx_rvalue_references
    Feature record: CXX_FEATURE:1cxx_sizeof_member
    Feature record: CXX_FEATURE:1cxx_static_assert
    Feature record: CXX_FEATURE:1cxx_strong_enums
    Feature record: CXX_FEATURE:1cxx_template_template_parameters
    Feature record: CXX_FEATURE:1cxx_thread_local
    Feature record: CXX_FEATURE:1cxx_trailing_return_types
    Feature record: CXX_FEATURE:1cxx_unicode_literals
    Feature record: CXX_FEATURE:1cxx_uniform_initialization
    Feature record: CXX_FEATURE:1cxx_unrestricted_unions
    Feature record: CXX_FEATURE:1cxx_user_literals
    Feature record: CXX_FEATURE:1cxx_variable_templates
    Feature record: CXX_FEATURE:1cxx_variadic_macros
    Feature record: CXX_FEATURE:1cxx_variadic_templates


Detecting CXX [-std=c++11] compiler features compiled with the following output:
Change Dir: /opt/openrobots/src/tsid-fork/_build-RELEASE/CMakeFiles/CMakeTmp

Run Build Command:"/usr/bin/make" "cmTC_f5545/fast"
/usr/bin/make -f CMakeFiles/cmTC_f5545.dir/build.make CMakeFiles/cmTC_f5545.dir/build
make[1]: Entering directory '/opt/openrobots/src/tsid-fork/_build-RELEASE/CMakeFiles/CMakeTmp'
Building CXX object CMakeFiles/cmTC_f5545.dir/feature_tests.cxx.o
/usr/bin/g++     -std=c++11 -o CMakeFiles/cmTC_f5545.dir/feature_tests.cxx.o -c /opt/openrobots/src/tsid-fork/_build-RELEASE/CMakeFiles/feature_tests.cxx
Linking CXX executable cmTC_f5545
/usr/bin/cmake -E cmake_link_script CMakeFiles/cmTC_f5545.dir/link.txt --verbose=1
/usr/bin/g++        CMakeFiles/cmTC_f5545.dir/feature_tests.cxx.o  -o cmTC_f5545 -rdynamic 
make[1]: Leaving directory '/opt/openrobots/src/tsid-fork/_build-RELEASE/CMakeFiles/CMakeTmp'


    Feature record: CXX_FEATURE:0cxx_aggregate_default_initializers
    Feature record: CXX_FEATURE:1cxx_alias_templates
    Feature record: CXX_FEATURE:1cxx_alignas
    Feature record: CXX_FEATURE:1cxx_alignof
    Feature record: CXX_FEATURE:1cxx_attributes
    Feature record: CXX_FEATURE:0cxx_attribute_deprecated
    Feature record: CXX_FEATURE:1cxx_auto_type
    Feature record: CXX_FEATURE:0cxx_binary_literals
    Feature record: CXX_FEATURE:1cxx_constexpr
    Feature record: CXX_FEATURE:0cxx_contextual_conversions
    Feature record: CXX_FEATURE:1cxx_decltype
    Feature record: CXX_FEATURE:0cxx_decltype_auto
    Feature record: CXX_FEATURE:1cxx_decltype_incomplete_return_types
    Feature record: CXX_FEATURE:1cxx_default_function_template_args
    Feature record: CXX_FEATURE:1cxx_defaulted_functions
    Feature record: CXX_FEATURE:1cxx_defaulted_move_initializers
    Feature record: CXX_FEATURE:1cxx_delegating_constructors
    Feature record: CXX_FEATURE:1cxx_deleted_functions
    Feature record: CXX_FEATURE:0cxx_digit_separators
    Feature record: CXX_FEATURE:1cxx_enum_forward_declarations
    Feature record: CXX_FEATURE:1cxx_explicit_conversions
    Feature record: CXX_FEATURE:1cxx_extended_friend_declarations
    Feature record: CXX_FEATURE:1cxx_extern_templates
    Feature record: CXX_FEATURE:1cxx_final
    Feature record: CXX_FEATURE:1cxx_func_identifier
    Feature record: CXX_FEATURE:1cxx_generalized_initializers
    Feature record: CXX_FEATURE:0cxx_generic_lambdas
    Feature record: CXX_FEATURE:1cxx_inheriting_constructors
    Feature record: CXX_FEATURE:1cxx_inline_namespaces
    Feature record: CXX_FEATURE:1cxx_lambdas
    Feature record: CXX_FEATURE:0cxx_lambda_init_captures
    Feature record: CXX_FEATURE:1cxx_local_type_template_args
    Feature record: CXX_FEATURE:1cxx_long_long_type
    Feature record: CXX_FEATURE:1cxx_noexcept
    Feature record: CXX_FEATURE:1cxx_nonstatic_member_init
    Feature record: CXX_FEATURE:1cxx_nullptr
    Feature record: CXX_FEATURE:1cxx_override
    Feature record: CXX_FEATURE:1cxx_range_for
    Feature record: CXX_FEATURE:1cxx_raw_string_literals
    Feature record: CXX_FEATURE:1cxx_reference_qualified_functions
    Feature record: CXX_FEATURE:0cxx_relaxed_constexpr
    Feature record: CXX_FEATURE:0cxx_return_type_deduction
    Feature record: CXX_FEATURE:1cxx_right_angle_brackets
    Feature record: CXX_FEATURE:1cxx_rvalue_references
    Feature record: CXX_FEATURE:1cxx_sizeof_member
    Feature record: CXX_FEATURE:1cxx_static_assert
    Feature record: CXX_FEATURE:1cxx_strong_enums
    Feature record: CXX_FEATURE:1cxx_template_template_parameters
    Feature record: CXX_FEATURE:1cxx_thread_local
    Feature record: CXX_FEATURE:1cxx_trailing_return_types
    Feature record: CXX_FEATURE:1cxx_unicode_literals
    Feature record: CXX_FEATURE:1cxx_uniform_initialization
    Feature record: CXX_FEATURE:1cxx_unrestricted_unions
    Feature record: CXX_FEATURE:1cxx_user_literals
    Feature record: CXX_FEATURE:0cxx_variable_templates
    Feature record: CXX_FEATURE:1cxx_variadic_macros
    Feature record: CXX_FEATURE:1cxx_variadic_templates


Detecting CXX [-std=c++98] compiler features compiled with the following output:
Change Dir: /opt/openrobots/src/tsid-fork/_build-RELEASE/CMakeFiles/CMakeTmp

Run Build Command:"/usr/bin/make" "cmTC_b76ce/fast"
/usr/bin/make -f CMakeFiles/cmTC_b76ce.dir/build.make CMakeFiles/cmTC_b76ce.dir/build
make[1]: Entering directory '/opt/openrobots/src/tsid-fork/_build-RELEASE/CMakeFiles/CMakeTmp'
Building CXX object CMakeFiles/cmTC_b76ce.dir/feature_tests.cxx.o
/usr/bin/g++     -std=c++98 -o CMakeFiles/cmTC_b76ce.dir/feature_tests.cxx.o -c /opt/openrobots/src/tsid-fork/_build-RELEASE/CMakeFiles/feature_tests.cxx
Linking CXX executable cmTC_b76ce
/usr/bin/cmake -E cmake_link_script CMakeFiles/cmTC_b76ce.dir/link.txt --verbose=1
/usr/bin/g++        CMakeFiles/cmTC_b76ce.dir/feature_tests.cxx.o  -o cmTC_b76ce -rdynamic 
make[1]: Leaving directory '/opt/openrobots/src/tsid-fork/_build-RELEASE/CMakeFiles/CMakeTmp'


    Feature record: CXX_FEATURE:0cxx_aggregate_default_initializers
    Feature record: CXX_FEATURE:0cxx_alias_templates
    Feature record: CXX_FEATURE:0cxx_alignas
    Feature record: CXX_FEATURE:0cxx_alignof
    Feature record: CXX_FEATURE:0cxx_attributes
    Feature record: CXX_FEATURE:0cxx_attribute_deprecated
    Feature record: CXX_FEATURE:0cxx_auto_type
    Feature record: CXX_FEATURE:0cxx_binary_literals
    Feature record: CXX_FEATURE:0cxx_constexpr
    Feature record: CXX_FEATURE:0cxx_contextual_conversions
    Feature record: CXX_FEATURE:0cxx_decltype
    Feature record: CXX_FEATURE:0cxx_decltype_auto
    Feature record: CXX_FEATURE:0cxx_decltype_incomplete_return_types
    Feature record: CXX_FEATURE:0cxx_default_function_template_args
    Feature record: CXX_FEATURE:0cxx_defaulted_functions
    Feature record: CXX_FEATURE:0cxx_defaulted_move_initializers
    Feature record: CXX_FEATURE:0cxx_delegating_constructors
    Feature record: CXX_FEATURE:0cxx_deleted_functions
    Feature record: CXX_FEATURE:0cxx_digit_separators
    Feature record: CXX_FEATURE:0cxx_enum_forward_declarations
    Feature record: CXX_FEATURE:0cxx_explicit_conversions
    Feature record: CXX_FEATURE:0cxx_extended_friend_declarations
    Feature record: CXX_FEATURE:0cxx_extern_templates
    Feature record: CXX_FEATURE:0cxx_final
    Feature record: CXX_FEATURE:0cxx_func_identifier
    Feature record: CXX_FEATURE:0cxx_generalized_initializers
    Feature record: CXX_FEATURE:0cxx_generic_lambdas
    Feature record: CXX_FEATURE:0cxx_inheriting_constructors
    Feature record: CXX_FEATURE:0cxx_inline_namespaces
    Feature record: CXX_FEATURE:0cxx_lambdas
    Feature record: CXX_FEATURE:0cxx_lambda_init_captures
    Feature record: CXX_FEATURE:0cxx_local_type_template_args
    Feature record: CXX_FEATURE:0cxx_long_long_type
    Feature record: CXX_FEATURE:0cxx_noexcept
    Feature record: CXX_FEATURE:0cxx_nonstatic_member_init
    Feature record: CXX_FEATURE:0cxx_nullptr
    Feature record: CXX_FEATURE:0cxx_override
    Feature record: CXX_FEATURE:0cxx_range_for
    Feature record: CXX_FEATURE:0cxx_raw_string_literals
    Feature record: CXX_FEATURE:0cxx_reference_qualified_functions
    Feature record: CXX_FEATURE:0cxx_relaxed_constexpr
    Feature record: CXX_FEATURE:0cxx_return_type_deduction
    Feature record: CXX_FEATURE:0cxx_right_angle_brackets
    Feature record: CXX_FEATURE:0cxx_rvalue_references
    Feature record: CXX_FEATURE:0cxx_sizeof_member
    Feature record: CXX_FEATURE:0cxx_static_assert
    Feature record: CXX_FEATURE:0cxx_strong_enums
    Feature record: CXX_FEATURE:1cxx_template_template_parameters
    Feature record: CXX_FEATURE:0cxx_thread_local
    Feature record: CXX_FEATURE:0cxx_trailing_return_types
    Feature record: CXX_FEATURE:0cxx_unicode_literals
    Feature record: CXX_FEATURE:0cxx_uniform_initialization
    Feature record: CXX_FEATURE:0cxx_unrestricted_unions
    Feature record: CXX_FEATURE:0cxx_user_literals
    Feature record: CXX_FEATURE:0cxx_variable_templates
    Feature record: CXX_FEATURE:0cxx_variadic_macros
    Feature record: CXX_FEATURE:0cxx_variadic_templates
Performing C++ SOURCE FILE Test R-pedantic succeeded with the following output:
Change Dir: /opt/openrobots/src/tsid-fork/_build-RELEASE/CMakeFiles/CMakeTmp

Run Build Command:"/usr/bin/make" "cmTC_41ade/fast"
/usr/bin/make -f CMakeFiles/cmTC_41ade.dir/build.make CMakeFiles/cmTC_41ade.dir/build
make[1]: Entering directory '/opt/openrobots/src/tsid-fork/_build-RELEASE/CMakeFiles/CMakeTmp'
Building CXX object CMakeFiles/cmTC_41ade.dir/src.cxx.o
/usr/bin/g++     -DR-pedantic   -pedantic -o CMakeFiles/cmTC_41ade.dir/src.cxx.o -c /opt/openrobots/src/tsid-fork/_build-RELEASE/CMakeFiles/CMakeTmp/src.cxx
<command-line>:0:2: warning: missing whitespace after the macro name
Linking CXX executable cmTC_41ade
/usr/bin/cmake -E cmake_link_script CMakeFiles/cmTC_41ade.dir/link.txt --verbose=1
/usr/bin/g++    -DR-pedantic    CMakeFiles/cmTC_41ade.dir/src.cxx.o  -o cmTC_41ade -rdynamic 
make[1]: Leaving directory '/opt/openrobots/src/tsid-fork/_build-RELEASE/CMakeFiles/CMakeTmp'

Source file was:
int main() { return 0; }
Performing C++ SOURCE FILE Test R-Wno-long-long succeeded with the following output:
Change Dir: /opt/openrobots/src/tsid-fork/_build-RELEASE/CMakeFiles/CMakeTmp

Run Build Command:"/usr/bin/make" "cmTC_a96e6/fast"
/usr/bin/make -f CMakeFiles/cmTC_a96e6.dir/build.make CMakeFiles/cmTC_a96e6.dir/build
make[1]: Entering directory '/opt/openrobots/src/tsid-fork/_build-RELEASE/CMakeFiles/CMakeTmp'
Building CXX object CMakeFiles/cmTC_a96e6.dir/src.cxx.o
/usr/bin/g++     -DR-Wno-long-long   -Wno-long-long -o CMakeFiles/cmTC_a96e6.dir/src.cxx.o -c /opt/openrobots/src/tsid-fork/_build-RELEASE/CMakeFiles/CMakeTmp/src.cxx
<command-line>:0:2: warning: missing whitespace after the macro name
Linking CXX executable cmTC_a96e6
/usr/bin/cmake -E cmake_link_script CMakeFiles/cmTC_a96e6.dir/link.txt --verbose=1
/usr/bin/g++    -DR-Wno-long-long    CMakeFiles/cmTC_a96e6.dir/src.cxx.o  -o cmTC_a96e6 -rdynamic 
make[1]: Leaving directory '/opt/openrobots/src/tsid-fork/_build-RELEASE/CMakeFiles/CMakeTmp'

Source file was:
int main() { return 0; }
Performing C++ SOURCE FILE Test R-Wall succeeded with the following output:
Change Dir: /opt/openrobots/src/tsid-fork/_build-RELEASE/CMakeFiles/CMakeTmp

Run Build Command:"/usr/bin/make" "cmTC_b52a3/fast"
/usr/bin/make -f CMakeFiles/cmTC_b52a3.dir/build.make CMakeFiles/cmTC_b52a3.dir/build
make[1]: Entering directory '/opt/openrobots/src/tsid-fork/_build-RELEASE/CMakeFiles/CMakeTmp'
Building CXX object CMakeFiles/cmTC_b52a3.dir/src.cxx.o
/usr/bin/g++     -DR-Wall   -Wall -o CMakeFiles/cmTC_b52a3.dir/src.cxx.o -c /opt/openrobots/src/tsid-fork/_build-RELEASE/CMakeFiles/CMakeTmp/src.cxx
<command-line>:0:2: warning: missing whitespace after the macro name
Linking CXX executable cmTC_b52a3
/usr/bin/cmake -E cmake_link_script CMakeFiles/cmTC_b52a3.dir/link.txt --verbose=1
/usr/bin/g++    -DR-Wall    CMakeFiles/cmTC_b52a3.dir/src.cxx.o  -o cmTC_b52a3 -rdynamic 
make[1]: Leaving directory '/opt/openrobots/src/tsid-fork/_build-RELEASE/CMakeFiles/CMakeTmp'

Source file was:
int main() { return 0; }
Performing C++ SOURCE FILE Test R-Wextra succeeded with the following output:
Change Dir: /opt/openrobots/src/tsid-fork/_build-RELEASE/CMakeFiles/CMakeTmp

Run Build Command:"/usr/bin/make" "cmTC_fa657/fast"
/usr/bin/make -f CMakeFiles/cmTC_fa657.dir/build.make CMakeFiles/cmTC_fa657.dir/build
make[1]: Entering directory '/opt/openrobots/src/tsid-fork/_build-RELEASE/CMakeFiles/CMakeTmp'
Building CXX object CMakeFiles/cmTC_fa657.dir/src.cxx.o
/usr/bin/g++     -DR-Wextra   -Wextra -o CMakeFiles/cmTC_fa657.dir/src.cxx.o -c /opt/openrobots/src/tsid-fork/_build-RELEASE/CMakeFiles/CMakeTmp/src.cxx
<command-line>:0:2: warning: missing whitespace after the macro name
Linking CXX executable cmTC_fa657
/usr/bin/cmake -E cmake_link_script CMakeFiles/cmTC_fa657.dir/link.txt --verbose=1
/usr/bin/g++    -DR-Wextra    CMakeFiles/cmTC_fa657.dir/src.cxx.o  -o cmTC_fa657 -rdynamic 
make[1]: Leaving directory '/opt/openrobots/src/tsid-fork/_build-RELEASE/CMakeFiles/CMakeTmp'

Source file was:
int main() { return 0; }
Performing C++ SOURCE FILE Test R-Wcast-align succeeded with the following output:
Change Dir: /opt/openrobots/src/tsid-fork/_build-RELEASE/CMakeFiles/CMakeTmp

Run Build Command:"/usr/bin/make" "cmTC_06e4a/fast"
/usr/bin/make -f CMakeFiles/cmTC_06e4a.dir/build.make CMakeFiles/cmTC_06e4a.dir/build
make[1]: Entering directory '/opt/openrobots/src/tsid-fork/_build-RELEASE/CMakeFiles/CMakeTmp'
Building CXX object CMakeFiles/cmTC_06e4a.dir/src.cxx.o
/usr/bin/g++     -DR-Wcast-align   -Wcast-align -o CMakeFiles/cmTC_06e4a.dir/src.cxx.o -c /opt/openrobots/src/tsid-fork/_build-RELEASE/CMakeFiles/CMakeTmp/src.cxx
<command-line>:0:2: warning: missing whitespace after the macro name
Linking CXX executable cmTC_06e4a
/usr/bin/cmake -E cmake_link_script CMakeFiles/cmTC_06e4a.dir/link.txt --verbose=1
/usr/bin/g++    -DR-Wcast-align    CMakeFiles/cmTC_06e4a.dir/src.cxx.o  -o cmTC_06e4a -rdynamic 
make[1]: Leaving directory '/opt/openrobots/src/tsid-fork/_build-RELEASE/CMakeFiles/CMakeTmp'

Source file was:
int main() { return 0; }
Performing C++ SOURCE FILE Test R-Wcast-qual succeeded with the following output:
Change Dir: /opt/openrobots/src/tsid-fork/_build-RELEASE/CMakeFiles/CMakeTmp

Run Build Command:"/usr/bin/make" "cmTC_b9d6e/fast"
/usr/bin/make -f CMakeFiles/cmTC_b9d6e.dir/build.make CMakeFiles/cmTC_b9d6e.dir/build
make[1]: Entering directory '/opt/openrobots/src/tsid-fork/_build-RELEASE/CMakeFiles/CMakeTmp'
Building CXX object CMakeFiles/cmTC_b9d6e.dir/src.cxx.o
/usr/bin/g++     -DR-Wcast-qual   -Wcast-qual -o CMakeFiles/cmTC_b9d6e.dir/src.cxx.o -c /opt/openrobots/src/tsid-fork/_build-RELEASE/CMakeFiles/CMakeTmp/src.cxx
<command-line>:0:2: warning: missing whitespace after the macro name
Linking CXX executable cmTC_b9d6e
/usr/bin/cmake -E cmake_link_script CMakeFiles/cmTC_b9d6e.dir/link.txt --verbose=1
/usr/bin/g++    -DR-Wcast-qual    CMakeFiles/cmTC_b9d6e.dir/src.cxx.o  -o cmTC_b9d6e -rdynamic 
make[1]: Leaving directory '/opt/openrobots/src/tsid-fork/_build-RELEASE/CMakeFiles/CMakeTmp'

Source file was:
int main() { return 0; }
Performing C++ SOURCE FILE Test R-Wformat succeeded with the following output:
Change Dir: /opt/openrobots/src/tsid-fork/_build-RELEASE/CMakeFiles/CMakeTmp

Run Build Command:"/usr/bin/make" "cmTC_e9aee/fast"
/usr/bin/make -f CMakeFiles/cmTC_e9aee.dir/build.make CMakeFiles/cmTC_e9aee.dir/build
make[1]: Entering directory '/opt/openrobots/src/tsid-fork/_build-RELEASE/CMakeFiles/CMakeTmp'
Building CXX object CMakeFiles/cmTC_e9aee.dir/src.cxx.o
/usr/bin/g++     -DR-Wformat   -Wformat -o CMakeFiles/cmTC_e9aee.dir/src.cxx.o -c /opt/openrobots/src/tsid-fork/_build-RELEASE/CMakeFiles/CMakeTmp/src.cxx
<command-line>:0:2: warning: missing whitespace after the macro name
Linking CXX executable cmTC_e9aee
/usr/bin/cmake -E cmake_link_script CMakeFiles/cmTC_e9aee.dir/link.txt --verbose=1
/usr/bin/g++    -DR-Wformat    CMakeFiles/cmTC_e9aee.dir/src.cxx.o  -o cmTC_e9aee -rdynamic 
make[1]: Leaving directory '/opt/openrobots/src/tsid-fork/_build-RELEASE/CMakeFiles/CMakeTmp'

Source file was:
int main() { return 0; }
Performing C++ SOURCE FILE Test R-Wwrite-strings succeeded with the following output:
Change Dir: /opt/openrobots/src/tsid-fork/_build-RELEASE/CMakeFiles/CMakeTmp

Run Build Command:"/usr/bin/make" "cmTC_ae304/fast"
/usr/bin/make -f CMakeFiles/cmTC_ae304.dir/build.make CMakeFiles/cmTC_ae304.dir/build
make[1]: Entering directory '/opt/openrobots/src/tsid-fork/_build-RELEASE/CMakeFiles/CMakeTmp'
Building CXX object CMakeFiles/cmTC_ae304.dir/src.cxx.o
/usr/bin/g++     -DR-Wwrite-strings   -Wwrite-strings -o CMakeFiles/cmTC_ae304.dir/src.cxx.o -c /opt/openrobots/src/tsid-fork/_build-RELEASE/CMakeFiles/CMakeTmp/src.cxx
<command-line>:0:2: warning: missing whitespace after the macro name
Linking CXX executable cmTC_ae304
/usr/bin/cmake -E cmake_link_script CMakeFiles/cmTC_ae304.dir/link.txt --verbose=1
/usr/bin/g++    -DR-Wwrite-strings    CMakeFiles/cmTC_ae304.dir/src.cxx.o  -o cmTC_ae304 -rdynamic 
make[1]: Leaving directory '/opt/openrobots/src/tsid-fork/_build-RELEASE/CMakeFiles/CMakeTmp'

Source file was:
int main() { return 0; }
Performing C++ SOURCE FILE Test R-Wconversion succeeded with the following output:
Change Dir: /opt/openrobots/src/tsid-fork/_build-RELEASE/CMakeFiles/CMakeTmp

Run Build Command:"/usr/bin/make" "cmTC_e9bae/fast"
/usr/bin/make -f CMakeFiles/cmTC_e9bae.dir/build.make CMakeFiles/cmTC_e9bae.dir/build
make[1]: Entering directory '/opt/openrobots/src/tsid-fork/_build-RELEASE/CMakeFiles/CMakeTmp'
Building CXX object CMakeFiles/cmTC_e9bae.dir/src.cxx.o
/usr/bin/g++     -DR-Wconversion   -Wconversion -o CMakeFiles/cmTC_e9bae.dir/src.cxx.o -c /opt/openrobots/src/tsid-fork/_build-RELEASE/CMakeFiles/CMakeTmp/src.cxx
<command-line>:0:2: warning: missing whitespace after the macro name
Linking CXX executable cmTC_e9bae
/usr/bin/cmake -E cmake_link_script CMakeFiles/cmTC_e9bae.dir/link.txt --verbose=1
/usr/bin/g++    -DR-Wconversion    CMakeFiles/cmTC_e9bae.dir/src.cxx.o  -o cmTC_e9bae -rdynamic 
make[1]: Leaving directory '/opt/openrobots/src/tsid-fork/_build-RELEASE/CMakeFiles/CMakeTmp'

Source file was:
int main() { return 0; }
